<?xml version="1.0" encoding="UTF-8"?>
<!-- Generated by org.testng.reporters.JUnitReportReporter -->
<testsuite hostname="DESKTOP-S6VGP32" failures="0" tests="2" name="tests.VerifyTcs_LoginPage" time="58.663" errors="0" timestamp="15 Dec 2020 11:17:45 GMT" skipped="0">
  <testcase classname="tests.VerifyTcs_LoginPage" name="Quiit" time="0.044"/>
  <testcase classname="tests.VerifyTcs_LoginPage" name="checkValidUser" time="58.619"/>
</testsuite> <!-- tests.VerifyTcs_LoginPage -->
