<?xml version="1.0" encoding="UTF-8"?>
<!-- Generated by org.testng.reporters.JUnitReportReporter -->
<testsuite hostname="DESKTOP-S6VGP32" failures="0" tests="1" name="com.wordpress.tests.VerifyTcs_LoginPage" time="156.700" errors="0" timestamp="17 Dec 2020 05:41:23 GMT" skipped="0">
  <testcase classname="com.wordpress.tests.VerifyTcs_LoginPage" name="checkValidUser" time="156.700"/>
</testsuite> <!-- com.wordpress.tests.VerifyTcs_LoginPage -->
