<?xml version="1.0" encoding="UTF-8"?>
<!-- Generated by org.testng.reporters.JUnitReportReporter -->
<testsuite hostname="DESKTOP-S6VGP32" failures="0" tests="1" name="com.auto.tests.VerifyTcs_LoginPage" time="30.567" errors="0" timestamp="14 Dec 2020 10:42:55 GMT" skipped="0">
  <testcase classname="com.auto.tests.VerifyTcs_LoginPage" name="checkValidUser" time="30.567"/>
</testsuite> <!-- com.auto.tests.VerifyTcs_LoginPage -->
