<?xml version="1.0" encoding="UTF-8"?>
<!-- Generated by org.testng.reporters.JUnitReportReporter -->
<testsuite hostname="DESKTOP-S6VGP32" failures="0" tests="3" name="tests.Test99GuruLogin" time="25.969" errors="0" timestamp="14 Dec 2020 05:40:43 GMT" skipped="1">
  <testcase classname="tests.Test99GuruLogin" name="test_Home_Page_Appear_Correct" time="18.792"/>
  <testcase classname="tests.Test99GuruLogin" name="test_Home_Page_newAccount" time="7.177"/>
  <testcase classname="tests.Test99GuruLogin" name="test_Home_Page_Logout">
    <skipped/>
  </testcase> <!-- test_Home_Page_Logout -->
</testsuite> <!-- tests.Test99GuruLogin -->
